<?xml version="1.0" encoding="UTF-8"?>
<testsuite xmlns:xsi="http://www.w3.org/2001/XMLSchema-instance" xsi:noNamespaceSchemaLocation="https://maven.apache.org/surefire/maven-surefire-plugin/xsd/surefire-test-report-3.0.xsd" version="3.0" name="edu.berkeley.cs.jqf.fuzz.util.CoverageTest" time="0.011" tests="5" errors="0" skipped="0" failures="0">
  <properties>
    <property name="java.specification.version" value="21"/>
    <property name="sun.jnu.encoding" value="UTF-8"/>
    <property name="java.class.path" value="/home/asher/Workspace/182/JQF/fuzz/target/test-classes:/home/asher/Workspace/182/JQF/fuzz/target/classes:/home/asher/.m2/repository/junit/junit/4.13.1/junit-4.13.1.jar:/home/asher/.m2/repository/org/hamcrest/hamcrest-core/1.3/hamcrest-core-1.3.jar:/home/asher/.m2/repository/com/pholser/junit-quickcheck-generators/1.0/junit-quickcheck-generators-1.0.jar:/home/asher/.m2/repository/com/pholser/junit-quickcheck-core/1.0/junit-quickcheck-core-1.0.jar:/home/asher/.m2/repository/org/javaruntype/javaruntype/1.3/javaruntype-1.3.jar:/home/asher/.m2/repository/org/antlr/antlr-runtime/3.1.2/antlr-runtime-3.1.2.jar:/home/asher/.m2/repository/ognl/ognl/3.1.12/ognl-3.1.12.jar:/home/asher/.m2/repository/org/javassist/javassist/3.20.0-GA/javassist-3.20.0-GA.jar:/home/asher/.m2/repository/ru/vyarus/generics-resolver/3.0.1/generics-resolver-3.0.1.jar:/home/asher/.m2/repository/org/slf4j/slf4j-api/1.7.25/slf4j-api-1.7.25.jar:/home/asher/Workspace/182/JQF/instrument/target/jqf-instrument-2.1-SNAPSHOT.jar:/home/asher/.m2/repository/org/ow2/asm/asm/9.5/asm-9.5.jar:/home/asher/.m2/repository/org/jacoco/org.jacoco.report/0.8.10/org.jacoco.report-0.8.10.jar:/home/asher/.m2/repository/org/jacoco/org.jacoco.core/0.8.10/org.jacoco.core-0.8.10.jar:/home/asher/.m2/repository/org/ow2/asm/asm-commons/9.5/asm-commons-9.5.jar:/home/asher/.m2/repository/org/ow2/asm/asm-tree/9.5/asm-tree-9.5.jar:/home/asher/.m2/repository/org/mockito/mockito-core/2.23.4/mockito-core-2.23.4.jar:/home/asher/.m2/repository/net/bytebuddy/byte-buddy/1.9.3/byte-buddy-1.9.3.jar:/home/asher/.m2/repository/net/bytebuddy/byte-buddy-agent/1.9.3/byte-buddy-agent-1.9.3.jar:/home/asher/.m2/repository/org/objenesis/objenesis/2.6/objenesis-2.6.jar:/home/asher/.m2/repository/org/hamcrest/hamcrest-library/1.3/hamcrest-library-1.3.jar:/home/asher/.m2/repository/info/picocli/picocli/4.0.4/picocli-4.0.4.jar:/home/asher/.m2/repository/org/eclipse/collections/eclipse-collections/10.4.0/eclipse-collections-10.4.0.jar:/home/asher/.m2/repository/org/eclipse/collections/eclipse-collections-api/10.4.0/eclipse-collections-api-10.4.0.jar:"/>
    <property name="java.vm.vendor" value="Oracle Corporation"/>
    <property name="sun.arch.data.model" value="64"/>
    <property name="java.vendor.url" value="https://openjdk.org/"/>
    <property name="os.name" value="Linux"/>
    <property name="java.vm.specification.version" value="21"/>
    <property name="sun.java.launcher" value="SUN_STANDARD"/>
    <property name="sun.boot.library.path" value="/usr/lib/jvm/java-21-openjdk/lib"/>
    <property name="sun.java.command" value="/home/asher/Workspace/182/JQF/fuzz/target/surefire/surefirebooter-20231202133815232_3.jar /home/asher/Workspace/182/JQF/fuzz/target/surefire 2023-12-02T13-38-14_444-jvmRun1 surefire-20231202133815232_1tmp surefire_0-20231202133815232_2tmp"/>
    <property name="jdk.debug" value="release"/>
    <property name="surefire.test.class.path" value="/home/asher/Workspace/182/JQF/fuzz/target/test-classes:/home/asher/Workspace/182/JQF/fuzz/target/classes:/home/asher/.m2/repository/junit/junit/4.13.1/junit-4.13.1.jar:/home/asher/.m2/repository/org/hamcrest/hamcrest-core/1.3/hamcrest-core-1.3.jar:/home/asher/.m2/repository/com/pholser/junit-quickcheck-generators/1.0/junit-quickcheck-generators-1.0.jar:/home/asher/.m2/repository/com/pholser/junit-quickcheck-core/1.0/junit-quickcheck-core-1.0.jar:/home/asher/.m2/repository/org/javaruntype/javaruntype/1.3/javaruntype-1.3.jar:/home/asher/.m2/repository/org/antlr/antlr-runtime/3.1.2/antlr-runtime-3.1.2.jar:/home/asher/.m2/repository/ognl/ognl/3.1.12/ognl-3.1.12.jar:/home/asher/.m2/repository/org/javassist/javassist/3.20.0-GA/javassist-3.20.0-GA.jar:/home/asher/.m2/repository/ru/vyarus/generics-resolver/3.0.1/generics-resolver-3.0.1.jar:/home/asher/.m2/repository/org/slf4j/slf4j-api/1.7.25/slf4j-api-1.7.25.jar:/home/asher/Workspace/182/JQF/instrument/target/jqf-instrument-2.1-SNAPSHOT.jar:/home/asher/.m2/repository/org/ow2/asm/asm/9.5/asm-9.5.jar:/home/asher/.m2/repository/org/jacoco/org.jacoco.report/0.8.10/org.jacoco.report-0.8.10.jar:/home/asher/.m2/repository/org/jacoco/org.jacoco.core/0.8.10/org.jacoco.core-0.8.10.jar:/home/asher/.m2/repository/org/ow2/asm/asm-commons/9.5/asm-commons-9.5.jar:/home/asher/.m2/repository/org/ow2/asm/asm-tree/9.5/asm-tree-9.5.jar:/home/asher/.m2/repository/org/mockito/mockito-core/2.23.4/mockito-core-2.23.4.jar:/home/asher/.m2/repository/net/bytebuddy/byte-buddy/1.9.3/byte-buddy-1.9.3.jar:/home/asher/.m2/repository/net/bytebuddy/byte-buddy-agent/1.9.3/byte-buddy-agent-1.9.3.jar:/home/asher/.m2/repository/org/objenesis/objenesis/2.6/objenesis-2.6.jar:/home/asher/.m2/repository/org/hamcrest/hamcrest-library/1.3/hamcrest-library-1.3.jar:/home/asher/.m2/repository/info/picocli/picocli/4.0.4/picocli-4.0.4.jar:/home/asher/.m2/repository/org/eclipse/collections/eclipse-collections/10.4.0/eclipse-collections-10.4.0.jar:/home/asher/.m2/repository/org/eclipse/collections/eclipse-collections-api/10.4.0/eclipse-collections-api-10.4.0.jar:"/>
    <property name="sun.cpu.endian" value="little"/>
    <property name="user.home" value="/home/asher"/>
    <property name="user.language" value="en"/>
    <property name="java.specification.vendor" value="Oracle Corporation"/>
    <property name="java.version.date" value="2023-09-19"/>
    <property name="java.home" value="/usr/lib/jvm/java-21-openjdk"/>
    <property name="file.separator" value="/"/>
    <property name="basedir" value="/home/asher/Workspace/182/JQF/fuzz"/>
    <property name="java.vm.compressedOopsMode" value="Zero based"/>
    <property name="line.separator" value="&#10;"/>
    <property name="java.vm.specification.vendor" value="Oracle Corporation"/>
    <property name="java.specification.name" value="Java Platform API Specification"/>
    <property name="surefire.real.class.path" value="/home/asher/Workspace/182/JQF/fuzz/target/surefire/surefirebooter-20231202133815232_3.jar"/>
    <property name="sun.management.compiler" value="HotSpot 64-Bit Tiered Compilers"/>
    <property name="java.runtime.version" value="21+35"/>
    <property name="user.name" value="asher"/>
    <property name="stdout.encoding" value="UTF-8"/>
    <property name="path.separator" value=":"/>
    <property name="os.version" value="6.6.3-arch1-1"/>
    <property name="java.runtime.name" value="OpenJDK Runtime Environment"/>
    <property name="file.encoding" value="UTF-8"/>
    <property name="java.vm.name" value="OpenJDK 64-Bit Server VM"/>
    <property name="localRepository" value="/home/asher/.m2/repository"/>
    <property name="java.vendor.url.bug" value="https://bugreport.java.com/bugreport/"/>
    <property name="java.io.tmpdir" value="/tmp"/>
    <property name="java.version" value="21"/>
    <property name="user.dir" value="/home/asher/Workspace/182/JQF/fuzz"/>
    <property name="os.arch" value="amd64"/>
    <property name="java.vm.specification.name" value="Java Virtual Machine Specification"/>
    <property name="native.encoding" value="UTF-8"/>
    <property name="java.library.path" value="/usr/java/packages/lib:/usr/lib64:/lib64:/lib:/usr/lib"/>
    <property name="stderr.encoding" value="UTF-8"/>
    <property name="java.vm.info" value="mixed mode, sharing"/>
    <property name="java.vendor" value="N/A"/>
    <property name="java.vm.version" value="21+35"/>
    <property name="sun.io.unicode.encoding" value="UnicodeLittle"/>
    <property name="java.class.version" value="65.0"/>
  </properties>
  <testcase name="coverageCountsDistinctBranchesAndCalls" classname="edu.berkeley.cs.jqf.fuzz.util.CoverageTest" time="0"/>
  <testcase name="testCoverageUpdateBits1" classname="edu.berkeley.cs.jqf.fuzz.util.CoverageTest" time="0.003"/>
  <testcase name="testCoverageUpdateBits2" classname="edu.berkeley.cs.jqf.fuzz.util.CoverageTest" time="0.002"/>
  <testcase name="testCoverageUpdateBits3" classname="edu.berkeley.cs.jqf.fuzz.util.CoverageTest" time="0.002"/>
  <testcase name="testCoverageUpdateBits4" classname="edu.berkeley.cs.jqf.fuzz.util.CoverageTest" time="0.002"/>
</testsuite>